C:\Users\lucas\Desktop\studia\JA\AssemblyCannyAlgorythm\Cann\Cann\Cann.vcxproj(183,3): warning MSB4011: "C:\Program Files\Microsoft Visual Studio\2022\Community\MSBuild\Microsoft\VC\v170\Microsoft.Cpp.targets" cannot be imported again. It was already imported at "C:\Users\lucas\Desktop\studia\JA\AssemblyCannyAlgorythm\Cann\Cann\Cann.vcxproj (182,3)". This is most likely a build authoring error. This subsequent import will be ignored. 
C:\Users\lucas\Desktop\studia\JA\AssemblyCannyAlgorythm\Cann\CAN_CPPdll\CAN_CPPdll.vcxproj(167,3): warning MSB4011: "C:\Program Files\Microsoft Visual Studio\2022\Community\MSBuild\Microsoft\VC\v170\Microsoft.Cpp.targets" cannot be imported again. It was already imported at "C:\Users\lucas\Desktop\studia\JA\AssemblyCannyAlgorythm\Cann\CAN_CPPdll\CAN_CPPdll.vcxproj (166,3)". This is most likely a build authoring error. This subsequent import will be ignored. 
  The vcpkg manifest was disabled, but we found a manifest file in C:\Users\lucas\Desktop\studia\JA\AssemblyCannyAlgorythm\Cann\. You may want to enable vcpkg manifests in your properties page or pass /p:VcpkgEnableManifest=true to the msbuild invocation.
  main.cpp
C:\Users\lucas\Desktop\studia\JA\AssemblyCannyAlgorythm\Cann\Cann\main.cpp(274,36): warning C4244: 'initializing': conversion from 'double' to 'unsigned int', possible loss of data
C:\Users\lucas\Desktop\studia\JA\AssemblyCannyAlgorythm\Cann\Cann\main.cpp(275,34): warning C4244: 'initializing': conversion from 'double' to 'unsigned int', possible loss of data
C:\Users\lucas\Desktop\studia\JA\AssemblyCannyAlgorythm\Cann\Cann\main.cpp(304,43): warning C4244: 'argument': conversion from 'double' to 'const _Ty', possible loss of data
C:\Users\lucas\Desktop\studia\JA\AssemblyCannyAlgorythm\Cann\Cann\main.cpp(304,43): warning C4244:         with
C:\Users\lucas\Desktop\studia\JA\AssemblyCannyAlgorythm\Cann\Cann\main.cpp(304,43): warning C4244:         [
C:\Users\lucas\Desktop\studia\JA\AssemblyCannyAlgorythm\Cann\Cann\main.cpp(304,43): warning C4244:             _Ty=__int64
C:\Users\lucas\Desktop\studia\JA\AssemblyCannyAlgorythm\Cann\Cann\main.cpp(304,43): warning C4244:         ]
C:\Users\lucas\Desktop\studia\JA\AssemblyCannyAlgorythm\Cann\Cann\main.cpp(356,35): warning C4244: 'initializing': conversion from 'double' to 'unsigned int', possible loss of data
C:\Users\lucas\Desktop\studia\JA\AssemblyCannyAlgorythm\Cann\Cann\main.cpp(357,33): warning C4244: 'initializing': conversion from 'double' to 'unsigned int', possible loss of data
C:\Users\lucas\Desktop\studia\JA\AssemblyCannyAlgorythm\Cann\Cann\main.cpp(378,42): warning C4244: 'argument': conversion from 'double' to 'const _Ty', possible loss of data
C:\Users\lucas\Desktop\studia\JA\AssemblyCannyAlgorythm\Cann\Cann\main.cpp(378,42): warning C4244:         with
C:\Users\lucas\Desktop\studia\JA\AssemblyCannyAlgorythm\Cann\Cann\main.cpp(378,42): warning C4244:         [
C:\Users\lucas\Desktop\studia\JA\AssemblyCannyAlgorythm\Cann\Cann\main.cpp(378,42): warning C4244:             _Ty=__int64
C:\Users\lucas\Desktop\studia\JA\AssemblyCannyAlgorythm\Cann\Cann\main.cpp(378,42): warning C4244:         ]
C:\Users\lucas\Desktop\studia\JA\AssemblyCannyAlgorythm\Cann\Cann\main.cpp(470,35): warning C4244: 'initializing': conversion from 'double' to 'unsigned int', possible loss of data
C:\Users\lucas\Desktop\studia\JA\AssemblyCannyAlgorythm\Cann\Cann\main.cpp(471,33): warning C4244: 'initializing': conversion from 'double' to 'unsigned int', possible loss of data
C:\Users\lucas\Desktop\studia\JA\AssemblyCannyAlgorythm\Cann\Cann\main.cpp(530,52): warning C4244: 'argument': conversion from 'double' to 'float', possible loss of data
C:\Users\lucas\Desktop\studia\JA\AssemblyCannyAlgorythm\Cann\Cann\main.cpp(560,65): warning C4244: 'argument': conversion from 'double' to 'float', possible loss of data
C:\Users\lucas\Desktop\studia\JA\AssemblyCannyAlgorythm\Cann\Cann\main.cpp(666,126): warning C4244: 'argument': conversion from 'float' to 'unsigned int', possible loss of data
C:\Users\lucas\Desktop\studia\JA\AssemblyCannyAlgorythm\Cann\Cann\main.cpp(666,114): warning C4244: 'argument': conversion from 'float' to 'unsigned int', possible loss of data
  Cann.vcxproj -> C:\Users\lucas\Desktop\studia\JA\AssemblyCannyAlgorythm\Cann\x64\Debug\Cann.exe
  'pwsh.exe' is not recognized as an internal or external command,
  operable program or batch file.
