  main.cpp
C:\Users\lucas\Desktop\studia\JA\Cann\Cann\SFML-3.0.0\include\SFML\System\Exception.hpp(41,47): warning C4275: non dll-interface class 'std::runtime_error' used as base for dll-interface class 'sf::Exception'
  (compiling source file 'main.cpp')
      C:\Program Files\Microsoft Visual Studio\2022\Community\VC\Tools\MSVC\14.44.35207\include\stdexcept(100,30):
      see declaration of 'std::runtime_error'
      C:\Users\lucas\Desktop\studia\JA\Cann\Cann\SFML-3.0.0\include\SFML\System\Exception.hpp(41,23):
      see declaration of 'sf::Exception'
  
C:\Users\lucas\Desktop\studia\JA\Cann\Cann\main.cpp(34,21): warning C4018: '<': signed/unsigned mismatch
C:\Users\lucas\Desktop\studia\JA\Cann\Cann\main.cpp(54,21): warning C4018: '<': signed/unsigned mismatch
C:\Users\lucas\Desktop\studia\JA\Cann\Cann\main.cpp(106,23): warning C4834: discarding return value of function with [[nodiscard]] attribute
C:\Users\lucas\Desktop\studia\JA\Cann\Cann\main.cpp(115,34): warning C4244: 'argument': conversion from 'unsigned int' to 'float', possible loss of data
C:\Users\lucas\Desktop\studia\JA\Cann\Cann\main.cpp(115,20): warning C4244: 'argument': conversion from 'unsigned int' to 'float', possible loss of data
C:\Users\lucas\Desktop\studia\JA\Cann\Cann\main.cpp(116,26): warning C4244: 'argument': conversion from 'unsigned int' to 'float', possible loss of data
C:\Users\lucas\Desktop\studia\JA\Cann\Cann\main.cpp(282,48): warning C4244: 'argument': conversion from 'double' to 'float', possible loss of data
C:\Users\lucas\Desktop\studia\JA\Cann\Cann\main.cpp(309,60): warning C4244: 'argument': conversion from 'double' to 'float', possible loss of data
  Generating code
  8 of 517 functions ( 1.5%) were compiled, the rest were copied from previous compilation.
    2 functions were new in current compilation
    13 functions had inline decision re-evaluated but remain unchanged
  Finished generating code
  Cann.vcxproj -> C:\Users\lucas\Desktop\studia\JA\Cann\x64\Release\Cann.exe
